<?xml version="1.0" encoding="UTF-8"?>
<!-- Generated by org.testng.reporters.JUnitXMLReporter -->
<testsuite ignored="6" hostname="DESKTOP-T56DNVO" failures="0" tests="12" name="Test" time="0.137" errors="0" timestamp="2024-01-23T15:32:22 IST">
  <testcase classname="com.annotations.AC" name="C" time="0.013"/>
  <testcase classname="com.annotations.DF" name="E" time="0.021"/>
  <testcase classname="com.annotations.AC" name="A" time="0.016"/>
  <testcase classname="com.annotations.AC" name="B" time="0.013"/>
  <testcase classname="com.annotations.DF" name="F" time="0.005"/>
  <testcase classname="com.annotations.DF" name="D" time="0.033"/>
  <testcase classname="com.annotations.GI" name="H" time="0.004"/>
  <testcase classname="com.annotations.GI" name="G" time="0.025"/>
  <testcase classname="com.annotations.JL" name="K" time="0.002"/>
  <testcase classname="com.annotations.JL" name="J" time="0.017"/>
  <testcase classname="com.annotations.GI" name="I" time="0.023"/>
  <testcase classname="com.annotations.JL" name="L" time="0.019"/>
  <testcase classname="com.GenericUtils.BaseClass_Trial" name="@BeforeSuite config_BS" time="0.0">
    <ignored/>
  </testcase> <!-- @BeforeSuite config_BS -->
  <testcase classname="com.GenericUtils.BaseClass_Trial" name="@BeforeSuite config_BS" time="0.0">
    <ignored/>
  </testcase> <!-- @BeforeSuite config_BS -->
  <testcase classname="com.GenericUtils.BaseClass_Trial" name="@BeforeSuite config_BS" time="0.0">
    <ignored/>
  </testcase> <!-- @BeforeSuite config_BS -->
  <testcase classname="com.GenericUtils.BaseClass_Trial" name="@AfterSuite config_AS" time="0.0">
    <ignored/>
  </testcase> <!-- @AfterSuite config_AS -->
  <testcase classname="com.GenericUtils.BaseClass_Trial" name="@AfterSuite config_AS" time="0.0">
    <ignored/>
  </testcase> <!-- @AfterSuite config_AS -->
  <testcase classname="com.GenericUtils.BaseClass_Trial" name="@AfterSuite config_AS" time="0.0">
    <ignored/>
  </testcase> <!-- @AfterSuite config_AS -->
</testsuite> <!-- Test -->
